m 0 9
1 14 1
2 13 0
3 14 1
t 300 0
p 8 8
p 10 7
p 14 5
p 2 2
p 4 1
p 9 7
p 12 8
p 14 7
p 8 6
p 3 2
p 3 0
p 13 8
p 11 5
p 14 8
p 10 6
p 13 7
p 1 8
p 8 4
p 9 4
p 5 0
p 12 4
p 13 4
p 1 5
p 11 3
p 4 4
p 8 2
p 8 0
p 10 2
p 10 0
p 11 0
p 3 8
p 6 4
p 12 2
p 3 7
p 2 5
p 5 3
p 4 8
p 2 4
p 3 3
p 5 8
p 11 1
p 7 7
p 4 6
p 2 3
p 13 1
m 0 8
1 13 1
2 14 0
3 14 0
t 299 0
m 1 8
1 13 0
2 14 1
3 13 0
t 298 2
m 2 8
1 13 1
2 14 0
3 12 0
t 297 2
m 2 9
1 13 0
2 13 0
3 11 0
t 296 2
m 2 8
1 13 1
2 12 0
3 10 0
t 295 2
m 2 7
1 14 1
2 12 1
3 10 1
t 294 2
m 3 7
1 14 2
2 11 1
3 9 1
t 293 4
m 2 7
1 14 3
2 10 1
3 10 1
t 292 4
m 2 8
1 14 4
2 10 2
3 10 0
t 291 4
m 2 8
1 14 3
2 11 2
3 11 0
t 290 4
m 2 8
1 14 2
2 10 2
3 10 0
t 289 4
m 2 7
1 13 2
2 10 3
3 10 1
t 288 4
m 2 6
1 13 3
2 9 3
3 10 2
t 287 4
m 2 5
1 13 4
2 8 3
3 9 2
t 286 6
m 2 6
1 14 4
2 9 3
3 9 3
t 285 6
m 2 6
1 14 5
2 9 2
3 9 2
t 284 6
m 2 7
1 14 6
2 9 1
3 9 3
t 283 6
m 1 7
1 14 7
2 9 2
3 9 4
t 282 6
m 1 7
1 13 7
2 10 2
3 9 5
t 281 6
m 2 7
1 13 8
2 11 2
3 10 5
t 280 6
m 3 7
1 12 8
2 10 2
3 10 6
t 279 6
m 3 7
1 11 8
2 10 3
3 9 6
t 278 6
m 3 7
1 11 7
2 10 4
3 9 7
t 277 6
m 3 6
1 12 7
2 9 4
3 9 6
t 276 6
m 2 6
1 12 6
2 10 4
3 10 6
t 275 6
m 2 7
1 12 7
2 9 4
3 10 7
t 274 6
m 1 7
1 13 7
2 8 4
3 10 8
t 273 6
m 1 6
1 12 7
2 7 4
3 11 8
t 272 6
m 2 6
1 11 7
2 6 4
3 11 9
t 271 6
m 3 6
1 12 7
2 5 4
3 10 9
t 270 6
m 3 5
1 12 8
2 4 4
3 11 9
t 269 6
m 2 5
1 12 9
2 5 4
3 10 9
t 268 6
m 2 4
1 11 9
2 5 3
3 11 9
t 267 8
m 3 4
1 10 9
2 6 3
3 11 8
t 266 8
m 3 4
1 10 8
2 7 3
3 11 7
t 265 8
m 3 4
1 10 9
2 7 4
3 12 7
t 264 8
m 2 4
1 11 9
2 6 4
3 12 8
t 263 8
m 2 3
1 10 9
2 5 4
3 13 8
t 262 11
m 2 4
1 11 9
2 5 5
3 13 7
t 261 11
m 1 4
1 11 8
2 5 4
3 13 8
t 260 11
m 1 5
1 12 8
2 4 4
3 13 9
t 259 13
m 0 5
1 13 8
2 3 4
3 13 8
t 258 13
m 0 5
1 14 8
2 2 4
3 13 7
t 257 13
m 0 5
1 14 7
2 2 5
3 12 7
t 256 13
m 1 5
1 14 6
2 2 6
3 11 7
t 255 13
m 1 5
1 14 5
2 3 6
3 10 7
t 254 13
m 0 5
1 13 5
2 3 5
3 10 6
t 253 13
m 1 5
1 14 5
2 3 4
3 9 6
t 252 13
m 1 5
1 14 4
2 2 4
3 9 5
t 251 13
m 1 5
1 14 3
2 3 4
3 9 4
t 250 13
m 1 4
1 14 2
2 3 5
3 9 3
t 249 13
m 1 3
1 14 3
2 3 4
3 9 2
t 248 13
m 0 3
1 13 3
2 2 4
3 9 3
t 247 13
m 1 3
1 12 3
2 2 3
3 9 4
t 246 13
m 2 3
1 12 4
2 1 3
3 10 4
t 245 13
m 1 3
1 13 4
2 0 3
3 10 3
t 244 13
m 0 3
1 13 5
2 1 3
3 9 3
t 243 13
m 0 2
1 12 5
2 2 3
3 8 3
t 242 13
m 0 3
1 13 5
2 1 3
3 8 2
t 241 13
m 0 4
1 13 6
2 2 3
3 9 2
t 240 13
m 0 4
1 13 7
2 2 2
3 8 2
t 239 13
m 1 4
1 13 6
2 2 3
3 8 3
t 238 13
m 1 4
1 13 7
2 2 2
3 9 3
t 237 13
m 0 4
1 14 7
2 1 2
3 10 3
t 236 13
m 0 5
1 14 6
2 2 2
3 11 3
t 235 13
m 1 5
1 14 7
2 2 1
3 11 2
t 234 13
m 0 5
1 14 6
2 3 1
3 11 1
t 233 13
m 0 4
1 13 6
2 2 1
3 11 2
t 232 13
m 1 4
1 13 7
2 1 1
3 12 2
t 231 13
m 1 5
1 13 8
2 0 1
3 12 3
t 230 13
m 1 6
1 13 9
2 0 0
3 11 3
t 229 13
m 1 5
1 13 8
2 1 0
3 11 4
t 228 13
m 2 5
1 12 8
2 2 0
3 11 3
t 227 13
m 3 5
1 12 9
2 2 1
3 12 3
t 226 13
m 4 5
1 13 9
2 1 1
3 13 3
t 225 13
m 3 5
1 12 9
2 1 2
3 13 2
t 224 13
m 2 5
1 13 9
2 0 2
3 12 2
t 223 13
m 3 5
1 14 9
2 1 2
3 12 1
t 222 13
m 2 5
1 13 9
2 0 2
3 11 1
t 221 13
m 2 5
1 12 9
2 1 2
3 11 2
t 220 13
m 2 4
1 12 8
2 2 2
3 11 3
t 219 13
m 3 4
1 12 9
2 2 1
3 11 2
t 218 13
m 4 4
1 12 8
2 3 1
3 12 2
t 217 15
m 5 4
1 13 8
2 2 1
3 12 1
t 216 15
m 6 4
1 13 9
2 3 1
3 12 2
t 215 17
m 7 4
1 12 9
2 3 2
3 11 2
t 214 17
m 7 4
1 12 8
2 4 2
3 10 2
t 213 17
m 8 4
1 11 8
2 4 1
3 11 2
t 212 20
m 8 5
1 11 9
2 3 1
3 11 1
t 211 20
m 8 6
1 12 9
2 3 2
3 11 0
t 210 22
m 8 6
1 11 9
2 3 3
3 10 0
t 209 22
m 9 6
1 10 9
2 2 3
3 11 0
t 208 22
m 9 5
1 9 9
2 3 3
3 10 0
t 207 22
m 9 6
1 8 9
2 4 3
3 10 1
t 206 22
m 8 6
1 9 9
2 5 3
3 10 2
t 205 22
m 7 6
1 9 8
2 5 4
3 10 3
t 204 22
m 7 5
1 9 7
2 4 4
3 10 2
t 203 22
m 6 5
1 9 8
2 5 4
3 9 2
t 202 22
m 5 5
1 9 7
2 6 4
3 9 1
t 201 22
m 5 5
1 9 6
2 5 4
3 8 1
t 200 22
m 5 5
1 9 5
2 5 3
3 8 0
t 199 22
m 4 5
1 10 5
2 5 2
3 9 0
t 198 22
m 4 5
1 10 4
2 5 3
3 10 0
t 197 22
m 5 5
1 10 3
2 5 2
3 9 0
t 196 22
m 6 5
1 9 3
2 4 2
3 8 0
t 195 22
m 6 4
1 9 4
2 3 2
3 8 1
t 194 22
m 6 5
1 10 4
2 3 3
3 8 2
t 193 22
m 7 5
1 9 4
2 3 4
3 8 3
t 192 22
m 6 5
1 9 3
2 4 4
3 9 3
t 191 22
m 6 4
1 9 4
2 5 4
3 9 2
t 190 22
m 6 3
1 9 5
2 5 5
3 9 3
t 189 22
m 6 3
1 9 6
2 4 5
3 8 3
t 188 22
m 7 3
1 10 6
2 4 4
3 9 3
t 187 22
m 6 3
1 9 6
2 4 3
3 10 3
t 186 22
m 6 4
1 10 6
2 3 3
3 10 4
t 185 22
m 5 4
1 10 7
2 3 2
3 11 4
t 184 22
m 4 4
1 11 7
2 4 2
3 10 4
t 183 22
m 4 5
1 11 6
2 3 2
3 10 3
t 182 22
m 5 5
1 10 6
2 3 3
3 9 3
t 181 22
m 5 6
1 10 7
2 3 2
3 9 2
t 180 22
m 5 6
1 10 6
2 3 3
3 10 2
t 179 22
m 4 6
1 10 7
2 2 3
3 10 3
t 178 24
m 5 6
1 10 8
2 2 2
3 11 3
t 177 24
m 4 6
1 10 7
2 1 2
3 11 2
t 176 24
m 4 5
1 10 6
2 0 2
3 12 2
t 175 24
m 5 5
1 11 6
2 1 2
3 12 3
t 174 24
m 5 5
1 12 6
2 1 1
3 13 3
t 173 24
m 5 6
1 12 5
2 1 2
3 13 4
t 172 24
m 5 5
1 12 4
2 1 3
3 13 3
t 171 24
m 5 6
1 13 4
2 0 3
3 13 4
t 170 24
m 5 6
1 13 5
2 0 2
3 13 3
t 169 24
m 6 6
1 14 5
2 0 1
3 13 4
t 168 24
m 6 7
1 13 5
2 0 2
3 13 5
t 167 24
m 6 8
1 13 6
2 0 3
3 13 6
t 166 24
m 7 8
1 12 6
2 0 4
3 13 5
t 165 24
m 6 8
1 12 5
2 0 3
3 13 6
t 164 24
m 6 7
1 11 5
2 0 4
3 13 7
t 163 24
m 6 6
1 10 5
2 1 4
3 13 6
t 162 24
m 7 6
1 11 5
2 1 5
3 12 6
t 161 24
m 7 7
1 11 4
2 1 4
3 13 6
t 160 26
m 8 7
1 11 3
2 1 5
3 12 6
t 159 26
m 8 6
1 11 4
2 2 5
3 13 6
t 158 26
m 8 5
1 12 4
2 2 4
3 14 6
t 157 26
m 9 5
1 13 4
2 1 4
3 14 7
t 156 26
m 9 4
1 13 5
2 2 4
3 14 6
t 155 28
m 9 4
1 12 5
2 2 3
3 14 7
t 154 28
m 10 4
1 11 5
2 1 3
3 13 7
t 153 28
m 10 5
1 12 5
2 1 2
3 13 6
t 152 28
m 10 6
1 11 5
2 2 2
3 12 6
t 151 31
m 10 5
1 11 6
2 3 2
3 12 5
t 150 31
m 11 5
1 11 5
2 4 2
3 12 6
t 149 33